<ivy-module version="1.0">
	<info organisation="myorg"
	       module="mymodule"
	/>
	<publications/>
</ivy-module>
