<ivy-module version="1.0">
	<info organization="myorg"
	       module="mymodule"
	       status="integration"
	/>
</ivy-module>
