<ivy-module version="1.0">
	<info  organisation="myorg"
	       module="mymodule"
	       status="integration"
	/>
	<configurations>
		<conf name="A" extends="invalidConf"/>
	</configurations>
</ivy-module>
