<?xml version="1.0" encoding="ISO-8859-1"?>
<?xml-stylesheet type="text/xsl" href="http://www.jayasoft.fr/org/ivyrep/ivy-doc.xsl"?>
<ivy-module version="1.0">
	<info organisation="myorg"
	       module="mymodule"
	       revision="myrev"
	       status="integration"
	       publication="20041101110000"/>
	<configurations>
		<conf name="default"/>
		<conf name="test"/>
	</configurations>
	<dependencies defaultconfmapping="*->[org=org1]default1,[org=org2]default2,[org!=org3]default3,[org=org3]default4">
		<dependency org="org1" name="mymodule1" rev="1.0" />
		<dependency org="org2" name="mymodule2" rev="2.0" conf="test"/>
		<dependency org="org3" name="mymodule3" rev="3.0" />
	</dependencies>
</ivy-module>
