<ivy-module version="1.0">
	<info organisation="myorg"
		module="mymodule"
		revision="myrev"
		status="integration"
		publication="20041101110000"
	/>
	<configurations>
		<conf name="myconf1" visibility="public" description="desc 1"/>
		<conf name="myconf2" visibility="public" description="desc 2"/>
		<conf name="myconf3" visibility="private" description="desc 3"/>
		<conf name="myconf4" visibility="public" description="desc 4" extends="myconf1,myconf2"/>
		<conf name="myoldconf" visibility="public" description="my old desc"/>
	</configurations>
	<publications>
		<artifact name="myartifact1" type="jar" ext="jar" conf="myconf1,myconf2,myconf3,myconf4,myoldconf"/>
		<artifact name="myartifact2" type="jar" ext="jar" conf="myconf1"/>
		<artifact name="myartifact3" type="jar" ext="jar" conf="myconf1,myconf2,myconf3"/>
		<artifact name="myartifact4" type="jar" ext="jar" conf="myconf1,myconf3"/>
	</publications>
	<dependencies>
		<dependency org="myorg" name="mymodule2" rev="2.0" conf="*->*"/>
		<dependency org="myorg" name="mymodule3" rev="2.0" changing="true" transitive="false" conf="*->*"/>
		<dependency org="yourorg" name="yourmodule1" rev="1.1" conf="myconf1->myconf1"/>
		<dependency org="yourorg" name="yourmodule2" rev="2+" conf="myconf1->yourconf1"/>
		<dependency org="yourorg" name="yourmodule3" rev="3.1" conf="myconf1->yourconf1,yourconf2"/>
		<dependency org="yourorg" name="yourmodule4" rev="4.1" conf="myconf2->yourconf1,yourconf2;myconf1->yourconf1,yourconf2"/>
		<dependency org="yourorg" name="yourmodule5" rev="5.1" conf="myconf2->yourconf1,yourconf2;myconf1->yourconf1"/>
		<dependency org="yourorg" name="yourmodule6" rev="latest.integration" conf="myconf2->yourconf1,yourconf2;myconf1->yourconf1"/>
		<dependency org="yourorg" name="yourmodule7" rev="7.1" conf="myconf2->yourconf1,yourconf2;myconf1->yourconf1"/>
		<dependency org="yourorg" name="yourmodule8" rev="8.1" conf="*->*">
			<include name="yourartifact8-2" type="jar" ext="jar"/>
			<include name="yourartifact8-1" type="jar" ext="jar"/>
		</dependency>
		<dependency org="yourorg" name="yourmodule9" rev="9.1" conf="myconf2->default;myconf3->default;myconf1->default">
			<include name="yourartifact9-1" type="jar" ext="jar" conf="myconf1,myconf2"/>
			<include name="yourartifact9-2" type="jar" ext="jar" conf="myconf2,myconf3"/>
		</dependency>
		<dependency org="yourorg" name="yourmodule10" rev="10.1" conf="*->*">
			<include name="*" type="*" ext="xml"/>
			<include name="your.*" type="jar" ext="jar"/>
			<exclude org="*" module="*" name="toexclude" type="*" ext="*"/>
		</dependency>
		<dependency org="yourorg" name="yourmodule11" rev="11.1" conf="*->*"/>
	</dependencies>
</ivy-module>
