<?xml version="1.0" encoding="ISO-8859-1"?>
<?xml-stylesheet type="text/xsl" href="http://www.jayasoft.fr/org/ivyrep/ivy-doc.xsl"?>
<ivy-module version="1.0">
	<info organisation="myorg"
	       module="mymodule"
	       revision="myrev"
	       status="integration"
	       publication="20041101110000"/>
	<configurations>
		<include file="test/java/fr/jayasoft/ivy/xml/imported-configurations-with-wildcard.xml"/>
		<conf name="priv" visibility="private" />
		<conf name="extra" />
	</configurations>
</ivy-module>
