<ivy-module version="1.0">
	<info organisation="myorg"
	       modul="mymodule"
	       status="integration"
	/>
</ivy-module>
